[2025-08-12 05:26:09] local.ERROR: Class "App\Http\Controllers\Controller" not found {"exception":"[object] (Error(code: 0): Class \"App\\Http\\Controllers\\Controller\" not found at C:\\xampp\\htdocs\\my_project\\web-uptptkk\\web-upt-ptkk\\upt-ptkk\\app\\Http\\Controllers\\Controller.php:10)
[stacktrace]
#0 C:\\xampp\\htdocs\\my_project\\web-uptptkk\\web-upt-ptkk\\upt-ptkk\\vendor\\composer\\ClassLoader.php(576): include()
#1 C:\\xampp\\htdocs\\my_project\\web-uptptkk\\web-upt-ptkk\\upt-ptkk\\vendor\\composer\\ClassLoader.php(427): Composer\\Autoload\\{closure}('C:\\\\xampp\\\\htdocs...')
#2 C:\\xampp\\htdocs\\my_project\\web-uptptkk\\web-upt-ptkk\\upt-ptkk\\app\\Http\\Controllers\\Auth\\VerifyEmailController.php(9): Composer\\Autoload\\ClassLoader->loadClass('App\\\\Http\\\\Contro...')
#3 C:\\xampp\\htdocs\\my_project\\web-uptptkk\\web-upt-ptkk\\upt-ptkk\\vendor\\composer\\ClassLoader.php(576): include('C:\\\\xampp\\\\htdocs...')
#4 C:\\xampp\\htdocs\\my_project\\web-uptptkk\\web-upt-ptkk\\upt-ptkk\\vendor\\composer\\ClassLoader.php(427): Composer\\Autoload\\{closure}('C:\\\\xampp\\\\htdocs...')
#5 [internal function]: Composer\\Autoload\\ClassLoader->loadClass('App\\\\Http\\\\Contro...')
#6 C:\\xampp\\htdocs\\my_project\\web-uptptkk\\web-upt-ptkk\\upt-ptkk\\vendor\\laravel\\framework\\src\\Illuminate\\Routing\\RouteAction.php(91): method_exists('App\\\\Http\\\\Contro...', '__invoke')
#7 C:\\xampp\\htdocs\\my_project\\web-uptptkk\\web-upt-ptkk\\upt-ptkk\\vendor\\laravel\\framework\\src\\Illuminate\\Routing\\RouteAction.php(47): Illuminate\\Routing\\RouteAction::makeInvokable('App\\\\Http\\\\Contro...')
#8 C:\\xampp\\htdocs\\my_project\\web-uptptkk\\web-upt-ptkk\\upt-ptkk\\vendor\\laravel\\framework\\src\\Illuminate\\Routing\\Route.php(197): Illuminate\\Routing\\RouteAction::parse('verify-email/{i...', Array)
#9 C:\\xampp\\htdocs\\my_project\\web-uptptkk\\web-upt-ptkk\\upt-ptkk\\vendor\\laravel\\framework\\src\\Illuminate\\Routing\\Route.php(178): Illuminate\\Routing\\Route->parseAction(Array)
#10 C:\\xampp\\htdocs\\my_project\\web-uptptkk\\web-upt-ptkk\\upt-ptkk\\vendor\\laravel\\framework\\src\\Illuminate\\Routing\\Router.php(685): Illuminate\\Routing\\Route->__construct(Array, 'verify-email/{i...', Array)
#11 C:\\xampp\\htdocs\\my_project\\web-uptptkk\\web-upt-ptkk\\upt-ptkk\\vendor\\laravel\\framework\\src\\Illuminate\\Routing\\Router.php(576): Illuminate\\Routing\\Router->newRoute(Array, 'verify-email/{i...', Array)
#12 C:\\xampp\\htdocs\\my_project\\web-uptptkk\\web-upt-ptkk\\upt-ptkk\\vendor\\laravel\\framework\\src\\Illuminate\\Routing\\Router.php(556): Illuminate\\Routing\\Router->createRoute(Array, 'verify-email/{i...', Array)
#13 C:\\xampp\\htdocs\\my_project\\web-uptptkk\\web-upt-ptkk\\upt-ptkk\\vendor\\laravel\\framework\\src\\Illuminate\\Routing\\Router.php(160): Illuminate\\Routing\\Router->addRoute(Array, 'verify-email/{i...', 'App\\\\Http\\\\Contro...')
#14 C:\\xampp\\htdocs\\my_project\\web-uptptkk\\web-upt-ptkk\\upt-ptkk\\vendor\\laravel\\framework\\src\\Illuminate\\Support\\Facades\\Facade.php(361): Illuminate\\Routing\\Router->get('verify-email/{i...', 'App\\\\Http\\\\Contro...')
#15 C:\\xampp\\htdocs\\my_project\\web-uptptkk\\web-upt-ptkk\\upt-ptkk\\routes\\auth.php(26): Illuminate\\Support\\Facades\\Facade::__callStatic('get', Array)
#16 C:\\xampp\\htdocs\\my_project\\web-uptptkk\\web-upt-ptkk\\upt-ptkk\\vendor\\laravel\\framework\\src\\Illuminate\\Routing\\Router.php(524): Illuminate\\Routing\\RouteFileRegistrar->{closure}(Object(Illuminate\\Routing\\Router))
#17 C:\\xampp\\htdocs\\my_project\\web-uptptkk\\web-upt-ptkk\\upt-ptkk\\vendor\\laravel\\framework\\src\\Illuminate\\Routing\\Router.php(480): Illuminate\\Routing\\Router->loadRoutes(Object(Closure))
#18 C:\\xampp\\htdocs\\my_project\\web-uptptkk\\web-upt-ptkk\\upt-ptkk\\vendor\\laravel\\framework\\src\\Illuminate\\Routing\\RouteRegistrar.php(206): Illuminate\\Routing\\Router->group(Array, Object(Closure))
#19 C:\\xampp\\htdocs\\my_project\\web-uptptkk\\web-upt-ptkk\\upt-ptkk\\routes\\auth.php(22): Illuminate\\Routing\\RouteRegistrar->group(Object(Closure))
#20 C:\\xampp\\htdocs\\my_project\\web-uptptkk\\web-upt-ptkk\\upt-ptkk\\routes\\web.php(22): require('C:\\\\xampp\\\\htdocs...')
#21 C:\\xampp\\htdocs\\my_project\\web-uptptkk\\web-upt-ptkk\\upt-ptkk\\vendor\\laravel\\framework\\src\\Illuminate\\Routing\\RouteFileRegistrar.php(34): require('C:\\\\xampp\\\\htdocs...')
#22 C:\\xampp\\htdocs\\my_project\\web-uptptkk\\web-upt-ptkk\\upt-ptkk\\vendor\\laravel\\framework\\src\\Illuminate\\Routing\\Router.php(526): Illuminate\\Routing\\RouteFileRegistrar->register('C:\\\\xampp\\\\htdocs...')
#23 C:\\xampp\\htdocs\\my_project\\web-uptptkk\\web-upt-ptkk\\upt-ptkk\\vendor\\laravel\\framework\\src\\Illuminate\\Routing\\Router.php(480): Illuminate\\Routing\\Router->loadRoutes('C:\\\\xampp\\\\htdocs...')
#24 C:\\xampp\\htdocs\\my_project\\web-uptptkk\\web-upt-ptkk\\upt-ptkk\\vendor\\laravel\\framework\\src\\Illuminate\\Routing\\RouteRegistrar.php(206): Illuminate\\Routing\\Router->group(Array, 'C:\\\\xampp\\\\htdocs...')
#25 C:\\xampp\\htdocs\\my_project\\web-uptptkk\\web-upt-ptkk\\upt-ptkk\\vendor\\laravel\\framework\\src\\Illuminate\\Foundation\\Configuration\\ApplicationBuilder.php(248): Illuminate\\Routing\\RouteRegistrar->group('C:\\\\xampp\\\\htdocs...')
#26 C:\\xampp\\htdocs\\my_project\\web-uptptkk\\web-upt-ptkk\\upt-ptkk\\vendor\\laravel\\framework\\src\\Illuminate\\Container\\BoundMethod.php(36): Illuminate\\Foundation\\Configuration\\ApplicationBuilder->Illuminate\\Foundation\\Configuration\\{closure}()
#27 C:\\xampp\\htdocs\\my_project\\web-uptptkk\\web-upt-ptkk\\upt-ptkk\\vendor\\laravel\\framework\\src\\Illuminate\\Container\\Util.php(43): Illuminate\\Container\\BoundMethod::Illuminate\\Container\\{closure}()
#28 C:\\xampp\\htdocs\\my_project\\web-uptptkk\\web-upt-ptkk\\upt-ptkk\\vendor\\laravel\\framework\\src\\Illuminate\\Container\\BoundMethod.php(84): Illuminate\\Container\\Util::unwrapIfClosure(Object(Closure))
#29 C:\\xampp\\htdocs\\my_project\\web-uptptkk\\web-upt-ptkk\\upt-ptkk\\vendor\\laravel\\framework\\src\\Illuminate\\Container\\BoundMethod.php(35): Illuminate\\Container\\BoundMethod::callBoundMethod(Object(Illuminate\\Foundation\\Application), Object(Closure), Object(Closure))
#30 C:\\xampp\\htdocs\\my_project\\web-uptptkk\\web-upt-ptkk\\upt-ptkk\\vendor\\laravel\\framework\\src\\Illuminate\\Container\\Container.php(797): Illuminate\\Container\\BoundMethod::call(Object(Illuminate\\Foundation\\Application), Object(Closure), Array, NULL)
#31 C:\\xampp\\htdocs\\my_project\\web-uptptkk\\web-upt-ptkk\\upt-ptkk\\vendor\\laravel\\framework\\src\\Illuminate\\Foundation\\Support\\Providers\\RouteServiceProvider.php(162): Illuminate\\Container\\Container->call(Object(Closure))
#32 C:\\xampp\\htdocs\\my_project\\web-uptptkk\\web-upt-ptkk\\upt-ptkk\\vendor\\laravel\\framework\\src\\Illuminate\\Foundation\\Support\\Providers\\RouteServiceProvider.php(59): Illuminate\\Foundation\\Support\\Providers\\RouteServiceProvider->loadRoutes()
#33 C:\\xampp\\htdocs\\my_project\\web-uptptkk\\web-upt-ptkk\\upt-ptkk\\vendor\\laravel\\framework\\src\\Illuminate\\Container\\BoundMethod.php(36): Illuminate\\Foundation\\Support\\Providers\\RouteServiceProvider->Illuminate\\Foundation\\Support\\Providers\\{closure}()
#34 C:\\xampp\\htdocs\\my_project\\web-uptptkk\\web-upt-ptkk\\upt-ptkk\\vendor\\laravel\\framework\\src\\Illuminate\\Container\\Util.php(43): Illuminate\\Container\\BoundMethod::Illuminate\\Container\\{closure}()
#35 C:\\xampp\\htdocs\\my_project\\web-uptptkk\\web-upt-ptkk\\upt-ptkk\\vendor\\laravel\\framework\\src\\Illuminate\\Container\\BoundMethod.php(84): Illuminate\\Container\\Util::unwrapIfClosure(Object(Closure))
#36 C:\\xampp\\htdocs\\my_project\\web-uptptkk\\web-upt-ptkk\\upt-ptkk\\vendor\\laravel\\framework\\src\\Illuminate\\Container\\BoundMethod.php(35): Illuminate\\Container\\BoundMethod::callBoundMethod(Object(Illuminate\\Foundation\\Application), Object(Closure), Object(Closure))
#37 C:\\xampp\\htdocs\\my_project\\web-uptptkk\\web-upt-ptkk\\upt-ptkk\\vendor\\laravel\\framework\\src\\Illuminate\\Container\\Container.php(797): Illuminate\\Container\\BoundMethod::call(Object(Illuminate\\Foundation\\Application), Object(Closure), Array, NULL)
#38 C:\\xampp\\htdocs\\my_project\\web-uptptkk\\web-upt-ptkk\\upt-ptkk\\vendor\\laravel\\framework\\src\\Illuminate\\Support\\ServiceProvider.php(143): Illuminate\\Container\\Container->call(Object(Closure))
#39 C:\\xampp\\htdocs\\my_project\\web-uptptkk\\web-upt-ptkk\\upt-ptkk\\vendor\\laravel\\framework\\src\\Illuminate\\Foundation\\Application.php(1153): Illuminate\\Support\\ServiceProvider->callBootedCallbacks()
#40 C:\\xampp\\htdocs\\my_project\\web-uptptkk\\web-upt-ptkk\\upt-ptkk\\vendor\\laravel\\framework\\src\\Illuminate\\Foundation\\Application.php(1131): Illuminate\\Foundation\\Application->bootProvider(Object(Illuminate\\Foundation\\Support\\Providers\\RouteServiceProvider))
#41 [internal function]: Illuminate\\Foundation\\Application->Illuminate\\Foundation\\{closure}(Object(Illuminate\\Foundation\\Support\\Providers\\RouteServiceProvider), 'Illuminate\\\\Foun...')
#42 C:\\xampp\\htdocs\\my_project\\web-uptptkk\\web-upt-ptkk\\upt-ptkk\\vendor\\laravel\\framework\\src\\Illuminate\\Foundation\\Application.php(1130): array_walk(Array, Object(Closure))
#43 C:\\xampp\\htdocs\\my_project\\web-uptptkk\\web-upt-ptkk\\upt-ptkk\\vendor\\laravel\\framework\\src\\Illuminate\\Foundation\\Bootstrap\\BootProviders.php(17): Illuminate\\Foundation\\Application->boot()
#44 C:\\xampp\\htdocs\\my_project\\web-uptptkk\\web-upt-ptkk\\upt-ptkk\\vendor\\laravel\\framework\\src\\Illuminate\\Foundation\\Application.php(341): Illuminate\\Foundation\\Bootstrap\\BootProviders->bootstrap(Object(Illuminate\\Foundation\\Application))
#45 C:\\xampp\\htdocs\\my_project\\web-uptptkk\\web-upt-ptkk\\upt-ptkk\\vendor\\laravel\\framework\\src\\Illuminate\\Foundation\\Console\\Kernel.php(473): Illuminate\\Foundation\\Application->bootstrapWith(Array)
#46 C:\\xampp\\htdocs\\my_project\\web-uptptkk\\web-upt-ptkk\\upt-ptkk\\vendor\\laravel\\framework\\src\\Illuminate\\Foundation\\Console\\Kernel.php(195): Illuminate\\Foundation\\Console\\Kernel->bootstrap()
#47 C:\\xampp\\htdocs\\my_project\\web-uptptkk\\web-upt-ptkk\\upt-ptkk\\vendor\\laravel\\framework\\src\\Illuminate\\Foundation\\Application.php(1234): Illuminate\\Foundation\\Console\\Kernel->handle(Object(Symfony\\Component\\Console\\Input\\ArgvInput), Object(Symfony\\Component\\Console\\Output\\ConsoleOutput))
#48 C:\\xampp\\htdocs\\my_project\\web-uptptkk\\web-upt-ptkk\\upt-ptkk\\artisan(16): Illuminate\\Foundation\\Application->handleCommand(Object(Symfony\\Component\\Console\\Input\\ArgvInput))
#49 {main}
"} 
[2025-08-12 05:42:27] local.ERROR: Class "App\Http\Controllers\Controller" not found {"exception":"[object] (Error(code: 0): Class \"App\\Http\\Controllers\\Controller\" not found at C:\\xampp\\htdocs\\my_project\\web-uptptkk\\web-upt-ptkk\\upt-ptkk\\app\\Http\\Controllers\\Controller.php:10)
[stacktrace]
#0 C:\\xampp\\htdocs\\my_project\\web-uptptkk\\web-upt-ptkk\\upt-ptkk\\vendor\\composer\\ClassLoader.php(576): include()
#1 C:\\xampp\\htdocs\\my_project\\web-uptptkk\\web-upt-ptkk\\upt-ptkk\\vendor\\composer\\ClassLoader.php(427): Composer\\Autoload\\{closure}('C:\\\\xampp\\\\htdocs...')
#2 C:\\xampp\\htdocs\\my_project\\web-uptptkk\\web-upt-ptkk\\upt-ptkk\\app\\Http\\Controllers\\Auth\\VerifyEmailController.php(9): Composer\\Autoload\\ClassLoader->loadClass('App\\\\Http\\\\Contro...')
#3 C:\\xampp\\htdocs\\my_project\\web-uptptkk\\web-upt-ptkk\\upt-ptkk\\vendor\\composer\\ClassLoader.php(576): include('C:\\\\xampp\\\\htdocs...')
#4 C:\\xampp\\htdocs\\my_project\\web-uptptkk\\web-upt-ptkk\\upt-ptkk\\vendor\\composer\\ClassLoader.php(427): Composer\\Autoload\\{closure}('C:\\\\xampp\\\\htdocs...')
#5 [internal function]: Composer\\Autoload\\ClassLoader->loadClass('App\\\\Http\\\\Contro...')
#6 C:\\xampp\\htdocs\\my_project\\web-uptptkk\\web-upt-ptkk\\upt-ptkk\\vendor\\laravel\\framework\\src\\Illuminate\\Routing\\RouteAction.php(91): method_exists('App\\\\Http\\\\Contro...', '__invoke')
#7 C:\\xampp\\htdocs\\my_project\\web-uptptkk\\web-upt-ptkk\\upt-ptkk\\vendor\\laravel\\framework\\src\\Illuminate\\Routing\\RouteAction.php(47): Illuminate\\Routing\\RouteAction::makeInvokable('App\\\\Http\\\\Contro...')
#8 C:\\xampp\\htdocs\\my_project\\web-uptptkk\\web-upt-ptkk\\upt-ptkk\\vendor\\laravel\\framework\\src\\Illuminate\\Routing\\Route.php(197): Illuminate\\Routing\\RouteAction::parse('verify-email/{i...', Array)
#9 C:\\xampp\\htdocs\\my_project\\web-uptptkk\\web-upt-ptkk\\upt-ptkk\\vendor\\laravel\\framework\\src\\Illuminate\\Routing\\Route.php(178): Illuminate\\Routing\\Route->parseAction(Array)
#10 C:\\xampp\\htdocs\\my_project\\web-uptptkk\\web-upt-ptkk\\upt-ptkk\\vendor\\laravel\\framework\\src\\Illuminate\\Routing\\Router.php(685): Illuminate\\Routing\\Route->__construct(Array, 'verify-email/{i...', Array)
#11 C:\\xampp\\htdocs\\my_project\\web-uptptkk\\web-upt-ptkk\\upt-ptkk\\vendor\\laravel\\framework\\src\\Illuminate\\Routing\\Router.php(576): Illuminate\\Routing\\Router->newRoute(Array, 'verify-email/{i...', Array)
#12 C:\\xampp\\htdocs\\my_project\\web-uptptkk\\web-upt-ptkk\\upt-ptkk\\vendor\\laravel\\framework\\src\\Illuminate\\Routing\\Router.php(556): Illuminate\\Routing\\Router->createRoute(Array, 'verify-email/{i...', Array)
#13 C:\\xampp\\htdocs\\my_project\\web-uptptkk\\web-upt-ptkk\\upt-ptkk\\vendor\\laravel\\framework\\src\\Illuminate\\Routing\\Router.php(160): Illuminate\\Routing\\Router->addRoute(Array, 'verify-email/{i...', 'App\\\\Http\\\\Contro...')
#14 C:\\xampp\\htdocs\\my_project\\web-uptptkk\\web-upt-ptkk\\upt-ptkk\\vendor\\laravel\\framework\\src\\Illuminate\\Support\\Facades\\Facade.php(361): Illuminate\\Routing\\Router->get('verify-email/{i...', 'App\\\\Http\\\\Contro...')
#15 C:\\xampp\\htdocs\\my_project\\web-uptptkk\\web-upt-ptkk\\upt-ptkk\\routes\\auth.php(26): Illuminate\\Support\\Facades\\Facade::__callStatic('get', Array)
#16 C:\\xampp\\htdocs\\my_project\\web-uptptkk\\web-upt-ptkk\\upt-ptkk\\vendor\\laravel\\framework\\src\\Illuminate\\Routing\\Router.php(524): Illuminate\\Routing\\RouteFileRegistrar->{closure}(Object(Illuminate\\Routing\\Router))
#17 C:\\xampp\\htdocs\\my_project\\web-uptptkk\\web-upt-ptkk\\upt-ptkk\\vendor\\laravel\\framework\\src\\Illuminate\\Routing\\Router.php(480): Illuminate\\Routing\\Router->loadRoutes(Object(Closure))
#18 C:\\xampp\\htdocs\\my_project\\web-uptptkk\\web-upt-ptkk\\upt-ptkk\\vendor\\laravel\\framework\\src\\Illuminate\\Routing\\RouteRegistrar.php(206): Illuminate\\Routing\\Router->group(Array, Object(Closure))
#19 C:\\xampp\\htdocs\\my_project\\web-uptptkk\\web-upt-ptkk\\upt-ptkk\\routes\\auth.php(22): Illuminate\\Routing\\RouteRegistrar->group(Object(Closure))
#20 C:\\xampp\\htdocs\\my_project\\web-uptptkk\\web-upt-ptkk\\upt-ptkk\\routes\\web.php(22): require('C:\\\\xampp\\\\htdocs...')
#21 C:\\xampp\\htdocs\\my_project\\web-uptptkk\\web-upt-ptkk\\upt-ptkk\\vendor\\laravel\\framework\\src\\Illuminate\\Routing\\RouteFileRegistrar.php(34): require('C:\\\\xampp\\\\htdocs...')
#22 C:\\xampp\\htdocs\\my_project\\web-uptptkk\\web-upt-ptkk\\upt-ptkk\\vendor\\laravel\\framework\\src\\Illuminate\\Routing\\Router.php(526): Illuminate\\Routing\\RouteFileRegistrar->register('C:\\\\xampp\\\\htdocs...')
#23 C:\\xampp\\htdocs\\my_project\\web-uptptkk\\web-upt-ptkk\\upt-ptkk\\vendor\\laravel\\framework\\src\\Illuminate\\Routing\\Router.php(480): Illuminate\\Routing\\Router->loadRoutes('C:\\\\xampp\\\\htdocs...')
#24 C:\\xampp\\htdocs\\my_project\\web-uptptkk\\web-upt-ptkk\\upt-ptkk\\vendor\\laravel\\framework\\src\\Illuminate\\Routing\\RouteRegistrar.php(206): Illuminate\\Routing\\Router->group(Array, 'C:\\\\xampp\\\\htdocs...')
#25 C:\\xampp\\htdocs\\my_project\\web-uptptkk\\web-upt-ptkk\\upt-ptkk\\vendor\\laravel\\framework\\src\\Illuminate\\Foundation\\Configuration\\ApplicationBuilder.php(248): Illuminate\\Routing\\RouteRegistrar->group('C:\\\\xampp\\\\htdocs...')
#26 C:\\xampp\\htdocs\\my_project\\web-uptptkk\\web-upt-ptkk\\upt-ptkk\\vendor\\laravel\\framework\\src\\Illuminate\\Container\\BoundMethod.php(36): Illuminate\\Foundation\\Configuration\\ApplicationBuilder->Illuminate\\Foundation\\Configuration\\{closure}()
#27 C:\\xampp\\htdocs\\my_project\\web-uptptkk\\web-upt-ptkk\\upt-ptkk\\vendor\\laravel\\framework\\src\\Illuminate\\Container\\Util.php(43): Illuminate\\Container\\BoundMethod::Illuminate\\Container\\{closure}()
#28 C:\\xampp\\htdocs\\my_project\\web-uptptkk\\web-upt-ptkk\\upt-ptkk\\vendor\\laravel\\framework\\src\\Illuminate\\Container\\BoundMethod.php(84): Illuminate\\Container\\Util::unwrapIfClosure(Object(Closure))
#29 C:\\xampp\\htdocs\\my_project\\web-uptptkk\\web-upt-ptkk\\upt-ptkk\\vendor\\laravel\\framework\\src\\Illuminate\\Container\\BoundMethod.php(35): Illuminate\\Container\\BoundMethod::callBoundMethod(Object(Illuminate\\Foundation\\Application), Object(Closure), Object(Closure))
#30 C:\\xampp\\htdocs\\my_project\\web-uptptkk\\web-upt-ptkk\\upt-ptkk\\vendor\\laravel\\framework\\src\\Illuminate\\Container\\Container.php(797): Illuminate\\Container\\BoundMethod::call(Object(Illuminate\\Foundation\\Application), Object(Closure), Array, NULL)
#31 C:\\xampp\\htdocs\\my_project\\web-uptptkk\\web-upt-ptkk\\upt-ptkk\\vendor\\laravel\\framework\\src\\Illuminate\\Foundation\\Support\\Providers\\RouteServiceProvider.php(162): Illuminate\\Container\\Container->call(Object(Closure))
#32 C:\\xampp\\htdocs\\my_project\\web-uptptkk\\web-upt-ptkk\\upt-ptkk\\vendor\\laravel\\framework\\src\\Illuminate\\Foundation\\Support\\Providers\\RouteServiceProvider.php(59): Illuminate\\Foundation\\Support\\Providers\\RouteServiceProvider->loadRoutes()
#33 C:\\xampp\\htdocs\\my_project\\web-uptptkk\\web-upt-ptkk\\upt-ptkk\\vendor\\laravel\\framework\\src\\Illuminate\\Container\\BoundMethod.php(36): Illuminate\\Foundation\\Support\\Providers\\RouteServiceProvider->Illuminate\\Foundation\\Support\\Providers\\{closure}()
#34 C:\\xampp\\htdocs\\my_project\\web-uptptkk\\web-upt-ptkk\\upt-ptkk\\vendor\\laravel\\framework\\src\\Illuminate\\Container\\Util.php(43): Illuminate\\Container\\BoundMethod::Illuminate\\Container\\{closure}()
#35 C:\\xampp\\htdocs\\my_project\\web-uptptkk\\web-upt-ptkk\\upt-ptkk\\vendor\\laravel\\framework\\src\\Illuminate\\Container\\BoundMethod.php(84): Illuminate\\Container\\Util::unwrapIfClosure(Object(Closure))
#36 C:\\xampp\\htdocs\\my_project\\web-uptptkk\\web-upt-ptkk\\upt-ptkk\\vendor\\laravel\\framework\\src\\Illuminate\\Container\\BoundMethod.php(35): Illuminate\\Container\\BoundMethod::callBoundMethod(Object(Illuminate\\Foundation\\Application), Object(Closure), Object(Closure))
#37 C:\\xampp\\htdocs\\my_project\\web-uptptkk\\web-upt-ptkk\\upt-ptkk\\vendor\\laravel\\framework\\src\\Illuminate\\Container\\Container.php(797): Illuminate\\Container\\BoundMethod::call(Object(Illuminate\\Foundation\\Application), Object(Closure), Array, NULL)
#38 C:\\xampp\\htdocs\\my_project\\web-uptptkk\\web-upt-ptkk\\upt-ptkk\\vendor\\laravel\\framework\\src\\Illuminate\\Support\\ServiceProvider.php(143): Illuminate\\Container\\Container->call(Object(Closure))
#39 C:\\xampp\\htdocs\\my_project\\web-uptptkk\\web-upt-ptkk\\upt-ptkk\\vendor\\laravel\\framework\\src\\Illuminate\\Foundation\\Application.php(1153): Illuminate\\Support\\ServiceProvider->callBootedCallbacks()
#40 C:\\xampp\\htdocs\\my_project\\web-uptptkk\\web-upt-ptkk\\upt-ptkk\\vendor\\laravel\\framework\\src\\Illuminate\\Foundation\\Application.php(1131): Illuminate\\Foundation\\Application->bootProvider(Object(Illuminate\\Foundation\\Support\\Providers\\RouteServiceProvider))
#41 [internal function]: Illuminate\\Foundation\\Application->Illuminate\\Foundation\\{closure}(Object(Illuminate\\Foundation\\Support\\Providers\\RouteServiceProvider), 'Illuminate\\\\Foun...')
#42 C:\\xampp\\htdocs\\my_project\\web-uptptkk\\web-upt-ptkk\\upt-ptkk\\vendor\\laravel\\framework\\src\\Illuminate\\Foundation\\Application.php(1130): array_walk(Array, Object(Closure))
#43 C:\\xampp\\htdocs\\my_project\\web-uptptkk\\web-upt-ptkk\\upt-ptkk\\vendor\\laravel\\framework\\src\\Illuminate\\Foundation\\Bootstrap\\BootProviders.php(17): Illuminate\\Foundation\\Application->boot()
#44 C:\\xampp\\htdocs\\my_project\\web-uptptkk\\web-upt-ptkk\\upt-ptkk\\vendor\\laravel\\framework\\src\\Illuminate\\Foundation\\Application.php(341): Illuminate\\Foundation\\Bootstrap\\BootProviders->bootstrap(Object(Illuminate\\Foundation\\Application))
#45 C:\\xampp\\htdocs\\my_project\\web-uptptkk\\web-upt-ptkk\\upt-ptkk\\vendor\\laravel\\framework\\src\\Illuminate\\Foundation\\Console\\Kernel.php(473): Illuminate\\Foundation\\Application->bootstrapWith(Array)
#46 C:\\xampp\\htdocs\\my_project\\web-uptptkk\\web-upt-ptkk\\upt-ptkk\\vendor\\laravel\\framework\\src\\Illuminate\\Foundation\\Console\\Kernel.php(195): Illuminate\\Foundation\\Console\\Kernel->bootstrap()
#47 C:\\xampp\\htdocs\\my_project\\web-uptptkk\\web-upt-ptkk\\upt-ptkk\\vendor\\laravel\\framework\\src\\Illuminate\\Foundation\\Application.php(1234): Illuminate\\Foundation\\Console\\Kernel->handle(Object(Symfony\\Component\\Console\\Input\\ArgvInput), Object(Symfony\\Component\\Console\\Output\\ConsoleOutput))
#48 C:\\xampp\\htdocs\\my_project\\web-uptptkk\\web-upt-ptkk\\upt-ptkk\\artisan(16): Illuminate\\Foundation\\Application->handleCommand(Object(Symfony\\Component\\Console\\Input\\ArgvInput))
#49 {main}
"} 
[2025-08-12 05:43:57] local.ERROR: Class "App\Http\Controllers\Controller" not found {"exception":"[object] (Error(code: 0): Class \"App\\Http\\Controllers\\Controller\" not found at C:\\xampp\\htdocs\\my_project\\web-uptptkk\\web-upt-ptkk\\upt-ptkk\\app\\Http\\Controllers\\Auth\\VerifyEmailController.php:9)
[stacktrace]
#0 C:\\xampp\\htdocs\\my_project\\web-uptptkk\\web-upt-ptkk\\upt-ptkk\\vendor\\composer\\ClassLoader.php(576): include()
#1 C:\\xampp\\htdocs\\my_project\\web-uptptkk\\web-upt-ptkk\\upt-ptkk\\vendor\\composer\\ClassLoader.php(427): Composer\\Autoload\\{closure}('C:\\\\xampp\\\\htdocs...')
#2 [internal function]: Composer\\Autoload\\ClassLoader->loadClass('App\\\\Http\\\\Contro...')
#3 C:\\xampp\\htdocs\\my_project\\web-uptptkk\\web-upt-ptkk\\upt-ptkk\\vendor\\laravel\\framework\\src\\Illuminate\\Routing\\RouteAction.php(91): method_exists('App\\\\Http\\\\Contro...', '__invoke')
#4 C:\\xampp\\htdocs\\my_project\\web-uptptkk\\web-upt-ptkk\\upt-ptkk\\vendor\\laravel\\framework\\src\\Illuminate\\Routing\\RouteAction.php(47): Illuminate\\Routing\\RouteAction::makeInvokable('App\\\\Http\\\\Contro...')
#5 C:\\xampp\\htdocs\\my_project\\web-uptptkk\\web-upt-ptkk\\upt-ptkk\\vendor\\laravel\\framework\\src\\Illuminate\\Routing\\Route.php(197): Illuminate\\Routing\\RouteAction::parse('verify-email/{i...', Array)
#6 C:\\xampp\\htdocs\\my_project\\web-uptptkk\\web-upt-ptkk\\upt-ptkk\\vendor\\laravel\\framework\\src\\Illuminate\\Routing\\Route.php(178): Illuminate\\Routing\\Route->parseAction(Array)
#7 C:\\xampp\\htdocs\\my_project\\web-uptptkk\\web-upt-ptkk\\upt-ptkk\\vendor\\laravel\\framework\\src\\Illuminate\\Routing\\Router.php(685): Illuminate\\Routing\\Route->__construct(Array, 'verify-email/{i...', Array)
#8 C:\\xampp\\htdocs\\my_project\\web-uptptkk\\web-upt-ptkk\\upt-ptkk\\vendor\\laravel\\framework\\src\\Illuminate\\Routing\\Router.php(576): Illuminate\\Routing\\Router->newRoute(Array, 'verify-email/{i...', Array)
#9 C:\\xampp\\htdocs\\my_project\\web-uptptkk\\web-upt-ptkk\\upt-ptkk\\vendor\\laravel\\framework\\src\\Illuminate\\Routing\\Router.php(556): Illuminate\\Routing\\Router->createRoute(Array, 'verify-email/{i...', Array)
#10 C:\\xampp\\htdocs\\my_project\\web-uptptkk\\web-upt-ptkk\\upt-ptkk\\vendor\\laravel\\framework\\src\\Illuminate\\Routing\\Router.php(160): Illuminate\\Routing\\Router->addRoute(Array, 'verify-email/{i...', 'App\\\\Http\\\\Contro...')
#11 C:\\xampp\\htdocs\\my_project\\web-uptptkk\\web-upt-ptkk\\upt-ptkk\\vendor\\laravel\\framework\\src\\Illuminate\\Support\\Facades\\Facade.php(361): Illuminate\\Routing\\Router->get('verify-email/{i...', 'App\\\\Http\\\\Contro...')
#12 C:\\xampp\\htdocs\\my_project\\web-uptptkk\\web-upt-ptkk\\upt-ptkk\\routes\\auth.php(26): Illuminate\\Support\\Facades\\Facade::__callStatic('get', Array)
#13 C:\\xampp\\htdocs\\my_project\\web-uptptkk\\web-upt-ptkk\\upt-ptkk\\vendor\\laravel\\framework\\src\\Illuminate\\Routing\\Router.php(524): Illuminate\\Routing\\RouteFileRegistrar->{closure}(Object(Illuminate\\Routing\\Router))
#14 C:\\xampp\\htdocs\\my_project\\web-uptptkk\\web-upt-ptkk\\upt-ptkk\\vendor\\laravel\\framework\\src\\Illuminate\\Routing\\Router.php(480): Illuminate\\Routing\\Router->loadRoutes(Object(Closure))
#15 C:\\xampp\\htdocs\\my_project\\web-uptptkk\\web-upt-ptkk\\upt-ptkk\\vendor\\laravel\\framework\\src\\Illuminate\\Routing\\RouteRegistrar.php(206): Illuminate\\Routing\\Router->group(Array, Object(Closure))
#16 C:\\xampp\\htdocs\\my_project\\web-uptptkk\\web-upt-ptkk\\upt-ptkk\\routes\\auth.php(22): Illuminate\\Routing\\RouteRegistrar->group(Object(Closure))
#17 C:\\xampp\\htdocs\\my_project\\web-uptptkk\\web-upt-ptkk\\upt-ptkk\\routes\\web.php(22): require('C:\\\\xampp\\\\htdocs...')
#18 C:\\xampp\\htdocs\\my_project\\web-uptptkk\\web-upt-ptkk\\upt-ptkk\\vendor\\laravel\\framework\\src\\Illuminate\\Routing\\RouteFileRegistrar.php(34): require('C:\\\\xampp\\\\htdocs...')
#19 C:\\xampp\\htdocs\\my_project\\web-uptptkk\\web-upt-ptkk\\upt-ptkk\\vendor\\laravel\\framework\\src\\Illuminate\\Routing\\Router.php(526): Illuminate\\Routing\\RouteFileRegistrar->register('C:\\\\xampp\\\\htdocs...')
#20 C:\\xampp\\htdocs\\my_project\\web-uptptkk\\web-upt-ptkk\\upt-ptkk\\vendor\\laravel\\framework\\src\\Illuminate\\Routing\\Router.php(480): Illuminate\\Routing\\Router->loadRoutes('C:\\\\xampp\\\\htdocs...')
#21 C:\\xampp\\htdocs\\my_project\\web-uptptkk\\web-upt-ptkk\\upt-ptkk\\vendor\\laravel\\framework\\src\\Illuminate\\Routing\\RouteRegistrar.php(206): Illuminate\\Routing\\Router->group(Array, 'C:\\\\xampp\\\\htdocs...')
#22 C:\\xampp\\htdocs\\my_project\\web-uptptkk\\web-upt-ptkk\\upt-ptkk\\vendor\\laravel\\framework\\src\\Illuminate\\Foundation\\Configuration\\ApplicationBuilder.php(248): Illuminate\\Routing\\RouteRegistrar->group('C:\\\\xampp\\\\htdocs...')
#23 C:\\xampp\\htdocs\\my_project\\web-uptptkk\\web-upt-ptkk\\upt-ptkk\\vendor\\laravel\\framework\\src\\Illuminate\\Container\\BoundMethod.php(36): Illuminate\\Foundation\\Configuration\\ApplicationBuilder->Illuminate\\Foundation\\Configuration\\{closure}()
#24 C:\\xampp\\htdocs\\my_project\\web-uptptkk\\web-upt-ptkk\\upt-ptkk\\vendor\\laravel\\framework\\src\\Illuminate\\Container\\Util.php(43): Illuminate\\Container\\BoundMethod::Illuminate\\Container\\{closure}()
#25 C:\\xampp\\htdocs\\my_project\\web-uptptkk\\web-upt-ptkk\\upt-ptkk\\vendor\\laravel\\framework\\src\\Illuminate\\Container\\BoundMethod.php(84): Illuminate\\Container\\Util::unwrapIfClosure(Object(Closure))
#26 C:\\xampp\\htdocs\\my_project\\web-uptptkk\\web-upt-ptkk\\upt-ptkk\\vendor\\laravel\\framework\\src\\Illuminate\\Container\\BoundMethod.php(35): Illuminate\\Container\\BoundMethod::callBoundMethod(Object(Illuminate\\Foundation\\Application), Object(Closure), Object(Closure))
#27 C:\\xampp\\htdocs\\my_project\\web-uptptkk\\web-upt-ptkk\\upt-ptkk\\vendor\\laravel\\framework\\src\\Illuminate\\Container\\Container.php(797): Illuminate\\Container\\BoundMethod::call(Object(Illuminate\\Foundation\\Application), Object(Closure), Array, NULL)
#28 C:\\xampp\\htdocs\\my_project\\web-uptptkk\\web-upt-ptkk\\upt-ptkk\\vendor\\laravel\\framework\\src\\Illuminate\\Foundation\\Support\\Providers\\RouteServiceProvider.php(162): Illuminate\\Container\\Container->call(Object(Closure))
#29 C:\\xampp\\htdocs\\my_project\\web-uptptkk\\web-upt-ptkk\\upt-ptkk\\vendor\\laravel\\framework\\src\\Illuminate\\Foundation\\Support\\Providers\\RouteServiceProvider.php(59): Illuminate\\Foundation\\Support\\Providers\\RouteServiceProvider->loadRoutes()
#30 C:\\xampp\\htdocs\\my_project\\web-uptptkk\\web-upt-ptkk\\upt-ptkk\\vendor\\laravel\\framework\\src\\Illuminate\\Container\\BoundMethod.php(36): Illuminate\\Foundation\\Support\\Providers\\RouteServiceProvider->Illuminate\\Foundation\\Support\\Providers\\{closure}()
#31 C:\\xampp\\htdocs\\my_project\\web-uptptkk\\web-upt-ptkk\\upt-ptkk\\vendor\\laravel\\framework\\src\\Illuminate\\Container\\Util.php(43): Illuminate\\Container\\BoundMethod::Illuminate\\Container\\{closure}()
#32 C:\\xampp\\htdocs\\my_project\\web-uptptkk\\web-upt-ptkk\\upt-ptkk\\vendor\\laravel\\framework\\src\\Illuminate\\Container\\BoundMethod.php(84): Illuminate\\Container\\Util::unwrapIfClosure(Object(Closure))
#33 C:\\xampp\\htdocs\\my_project\\web-uptptkk\\web-upt-ptkk\\upt-ptkk\\vendor\\laravel\\framework\\src\\Illuminate\\Container\\BoundMethod.php(35): Illuminate\\Container\\BoundMethod::callBoundMethod(Object(Illuminate\\Foundation\\Application), Object(Closure), Object(Closure))
#34 C:\\xampp\\htdocs\\my_project\\web-uptptkk\\web-upt-ptkk\\upt-ptkk\\vendor\\laravel\\framework\\src\\Illuminate\\Container\\Container.php(797): Illuminate\\Container\\BoundMethod::call(Object(Illuminate\\Foundation\\Application), Object(Closure), Array, NULL)
#35 C:\\xampp\\htdocs\\my_project\\web-uptptkk\\web-upt-ptkk\\upt-ptkk\\vendor\\laravel\\framework\\src\\Illuminate\\Support\\ServiceProvider.php(143): Illuminate\\Container\\Container->call(Object(Closure))
#36 C:\\xampp\\htdocs\\my_project\\web-uptptkk\\web-upt-ptkk\\upt-ptkk\\vendor\\laravel\\framework\\src\\Illuminate\\Foundation\\Application.php(1153): Illuminate\\Support\\ServiceProvider->callBootedCallbacks()
#37 C:\\xampp\\htdocs\\my_project\\web-uptptkk\\web-upt-ptkk\\upt-ptkk\\vendor\\laravel\\framework\\src\\Illuminate\\Foundation\\Application.php(1131): Illuminate\\Foundation\\Application->bootProvider(Object(Illuminate\\Foundation\\Support\\Providers\\RouteServiceProvider))
#38 [internal function]: Illuminate\\Foundation\\Application->Illuminate\\Foundation\\{closure}(Object(Illuminate\\Foundation\\Support\\Providers\\RouteServiceProvider), 'Illuminate\\\\Foun...')
#39 C:\\xampp\\htdocs\\my_project\\web-uptptkk\\web-upt-ptkk\\upt-ptkk\\vendor\\laravel\\framework\\src\\Illuminate\\Foundation\\Application.php(1130): array_walk(Array, Object(Closure))
#40 C:\\xampp\\htdocs\\my_project\\web-uptptkk\\web-upt-ptkk\\upt-ptkk\\vendor\\laravel\\framework\\src\\Illuminate\\Foundation\\Bootstrap\\BootProviders.php(17): Illuminate\\Foundation\\Application->boot()
#41 C:\\xampp\\htdocs\\my_project\\web-uptptkk\\web-upt-ptkk\\upt-ptkk\\vendor\\laravel\\framework\\src\\Illuminate\\Foundation\\Application.php(341): Illuminate\\Foundation\\Bootstrap\\BootProviders->bootstrap(Object(Illuminate\\Foundation\\Application))
#42 C:\\xampp\\htdocs\\my_project\\web-uptptkk\\web-upt-ptkk\\upt-ptkk\\vendor\\laravel\\framework\\src\\Illuminate\\Foundation\\Console\\Kernel.php(473): Illuminate\\Foundation\\Application->bootstrapWith(Array)
#43 C:\\xampp\\htdocs\\my_project\\web-uptptkk\\web-upt-ptkk\\upt-ptkk\\vendor\\laravel\\framework\\src\\Illuminate\\Foundation\\Console\\Kernel.php(195): Illuminate\\Foundation\\Console\\Kernel->bootstrap()
#44 C:\\xampp\\htdocs\\my_project\\web-uptptkk\\web-upt-ptkk\\upt-ptkk\\vendor\\laravel\\framework\\src\\Illuminate\\Foundation\\Application.php(1234): Illuminate\\Foundation\\Console\\Kernel->handle(Object(Symfony\\Component\\Console\\Input\\ArgvInput), Object(Symfony\\Component\\Console\\Output\\ConsoleOutput))
#45 C:\\xampp\\htdocs\\my_project\\web-uptptkk\\web-upt-ptkk\\upt-ptkk\\artisan(16): Illuminate\\Foundation\\Application->handleCommand(Object(Symfony\\Component\\Console\\Input\\ArgvInput))
#46 {main}
"} 
[2025-08-12 05:46:04] local.ERROR: Class "App\Http\Controllers\Controller" not found {"exception":"[object] (Error(code: 0): Class \"App\\Http\\Controllers\\Controller\" not found at C:\\xampp\\htdocs\\my_project\\web-uptptkk\\web-upt-ptkk\\upt-ptkk\\app\\Http\\Controllers\\Auth\\VerifyEmailController.php:9)
[stacktrace]
#0 C:\\xampp\\htdocs\\my_project\\web-uptptkk\\web-upt-ptkk\\upt-ptkk\\vendor\\composer\\ClassLoader.php(576): include()
#1 C:\\xampp\\htdocs\\my_project\\web-uptptkk\\web-upt-ptkk\\upt-ptkk\\vendor\\composer\\ClassLoader.php(427): Composer\\Autoload\\{closure}('C:\\\\xampp\\\\htdocs...')
#2 [internal function]: Composer\\Autoload\\ClassLoader->loadClass('App\\\\Http\\\\Contro...')
#3 C:\\xampp\\htdocs\\my_project\\web-uptptkk\\web-upt-ptkk\\upt-ptkk\\vendor\\laravel\\framework\\src\\Illuminate\\Routing\\RouteAction.php(91): method_exists('App\\\\Http\\\\Contro...', '__invoke')
#4 C:\\xampp\\htdocs\\my_project\\web-uptptkk\\web-upt-ptkk\\upt-ptkk\\vendor\\laravel\\framework\\src\\Illuminate\\Routing\\RouteAction.php(47): Illuminate\\Routing\\RouteAction::makeInvokable('App\\\\Http\\\\Contro...')
#5 C:\\xampp\\htdocs\\my_project\\web-uptptkk\\web-upt-ptkk\\upt-ptkk\\vendor\\laravel\\framework\\src\\Illuminate\\Routing\\Route.php(197): Illuminate\\Routing\\RouteAction::parse('verify-email/{i...', Array)
#6 C:\\xampp\\htdocs\\my_project\\web-uptptkk\\web-upt-ptkk\\upt-ptkk\\vendor\\laravel\\framework\\src\\Illuminate\\Routing\\Route.php(178): Illuminate\\Routing\\Route->parseAction(Array)
#7 C:\\xampp\\htdocs\\my_project\\web-uptptkk\\web-upt-ptkk\\upt-ptkk\\vendor\\laravel\\framework\\src\\Illuminate\\Routing\\Router.php(685): Illuminate\\Routing\\Route->__construct(Array, 'verify-email/{i...', Array)
#8 C:\\xampp\\htdocs\\my_project\\web-uptptkk\\web-upt-ptkk\\upt-ptkk\\vendor\\laravel\\framework\\src\\Illuminate\\Routing\\Router.php(576): Illuminate\\Routing\\Router->newRoute(Array, 'verify-email/{i...', Array)
#9 C:\\xampp\\htdocs\\my_project\\web-uptptkk\\web-upt-ptkk\\upt-ptkk\\vendor\\laravel\\framework\\src\\Illuminate\\Routing\\Router.php(556): Illuminate\\Routing\\Router->createRoute(Array, 'verify-email/{i...', Array)
#10 C:\\xampp\\htdocs\\my_project\\web-uptptkk\\web-upt-ptkk\\upt-ptkk\\vendor\\laravel\\framework\\src\\Illuminate\\Routing\\Router.php(160): Illuminate\\Routing\\Router->addRoute(Array, 'verify-email/{i...', 'App\\\\Http\\\\Contro...')
#11 C:\\xampp\\htdocs\\my_project\\web-uptptkk\\web-upt-ptkk\\upt-ptkk\\vendor\\laravel\\framework\\src\\Illuminate\\Support\\Facades\\Facade.php(361): Illuminate\\Routing\\Router->get('verify-email/{i...', 'App\\\\Http\\\\Contro...')
#12 C:\\xampp\\htdocs\\my_project\\web-uptptkk\\web-upt-ptkk\\upt-ptkk\\routes\\auth.php(26): Illuminate\\Support\\Facades\\Facade::__callStatic('get', Array)
#13 C:\\xampp\\htdocs\\my_project\\web-uptptkk\\web-upt-ptkk\\upt-ptkk\\vendor\\laravel\\framework\\src\\Illuminate\\Routing\\Router.php(524): Illuminate\\Routing\\RouteFileRegistrar->{closure}(Object(Illuminate\\Routing\\Router))
#14 C:\\xampp\\htdocs\\my_project\\web-uptptkk\\web-upt-ptkk\\upt-ptkk\\vendor\\laravel\\framework\\src\\Illuminate\\Routing\\Router.php(480): Illuminate\\Routing\\Router->loadRoutes(Object(Closure))
#15 C:\\xampp\\htdocs\\my_project\\web-uptptkk\\web-upt-ptkk\\upt-ptkk\\vendor\\laravel\\framework\\src\\Illuminate\\Routing\\RouteRegistrar.php(206): Illuminate\\Routing\\Router->group(Array, Object(Closure))
#16 C:\\xampp\\htdocs\\my_project\\web-uptptkk\\web-upt-ptkk\\upt-ptkk\\routes\\auth.php(22): Illuminate\\Routing\\RouteRegistrar->group(Object(Closure))
#17 C:\\xampp\\htdocs\\my_project\\web-uptptkk\\web-upt-ptkk\\upt-ptkk\\routes\\web.php(22): require('C:\\\\xampp\\\\htdocs...')
#18 C:\\xampp\\htdocs\\my_project\\web-uptptkk\\web-upt-ptkk\\upt-ptkk\\vendor\\laravel\\framework\\src\\Illuminate\\Routing\\RouteFileRegistrar.php(34): require('C:\\\\xampp\\\\htdocs...')
#19 C:\\xampp\\htdocs\\my_project\\web-uptptkk\\web-upt-ptkk\\upt-ptkk\\vendor\\laravel\\framework\\src\\Illuminate\\Routing\\Router.php(526): Illuminate\\Routing\\RouteFileRegistrar->register('C:\\\\xampp\\\\htdocs...')
#20 C:\\xampp\\htdocs\\my_project\\web-uptptkk\\web-upt-ptkk\\upt-ptkk\\vendor\\laravel\\framework\\src\\Illuminate\\Routing\\Router.php(480): Illuminate\\Routing\\Router->loadRoutes('C:\\\\xampp\\\\htdocs...')
#21 C:\\xampp\\htdocs\\my_project\\web-uptptkk\\web-upt-ptkk\\upt-ptkk\\vendor\\laravel\\framework\\src\\Illuminate\\Routing\\RouteRegistrar.php(206): Illuminate\\Routing\\Router->group(Array, 'C:\\\\xampp\\\\htdocs...')
#22 C:\\xampp\\htdocs\\my_project\\web-uptptkk\\web-upt-ptkk\\upt-ptkk\\vendor\\laravel\\framework\\src\\Illuminate\\Foundation\\Configuration\\ApplicationBuilder.php(248): Illuminate\\Routing\\RouteRegistrar->group('C:\\\\xampp\\\\htdocs...')
#23 C:\\xampp\\htdocs\\my_project\\web-uptptkk\\web-upt-ptkk\\upt-ptkk\\vendor\\laravel\\framework\\src\\Illuminate\\Container\\BoundMethod.php(36): Illuminate\\Foundation\\Configuration\\ApplicationBuilder->Illuminate\\Foundation\\Configuration\\{closure}()
#24 C:\\xampp\\htdocs\\my_project\\web-uptptkk\\web-upt-ptkk\\upt-ptkk\\vendor\\laravel\\framework\\src\\Illuminate\\Container\\Util.php(43): Illuminate\\Container\\BoundMethod::Illuminate\\Container\\{closure}()
#25 C:\\xampp\\htdocs\\my_project\\web-uptptkk\\web-upt-ptkk\\upt-ptkk\\vendor\\laravel\\framework\\src\\Illuminate\\Container\\BoundMethod.php(84): Illuminate\\Container\\Util::unwrapIfClosure(Object(Closure))
#26 C:\\xampp\\htdocs\\my_project\\web-uptptkk\\web-upt-ptkk\\upt-ptkk\\vendor\\laravel\\framework\\src\\Illuminate\\Container\\BoundMethod.php(35): Illuminate\\Container\\BoundMethod::callBoundMethod(Object(Illuminate\\Foundation\\Application), Object(Closure), Object(Closure))
#27 C:\\xampp\\htdocs\\my_project\\web-uptptkk\\web-upt-ptkk\\upt-ptkk\\vendor\\laravel\\framework\\src\\Illuminate\\Container\\Container.php(797): Illuminate\\Container\\BoundMethod::call(Object(Illuminate\\Foundation\\Application), Object(Closure), Array, NULL)
#28 C:\\xampp\\htdocs\\my_project\\web-uptptkk\\web-upt-ptkk\\upt-ptkk\\vendor\\laravel\\framework\\src\\Illuminate\\Foundation\\Support\\Providers\\RouteServiceProvider.php(162): Illuminate\\Container\\Container->call(Object(Closure))
#29 C:\\xampp\\htdocs\\my_project\\web-uptptkk\\web-upt-ptkk\\upt-ptkk\\vendor\\laravel\\framework\\src\\Illuminate\\Foundation\\Support\\Providers\\RouteServiceProvider.php(59): Illuminate\\Foundation\\Support\\Providers\\RouteServiceProvider->loadRoutes()
#30 C:\\xampp\\htdocs\\my_project\\web-uptptkk\\web-upt-ptkk\\upt-ptkk\\vendor\\laravel\\framework\\src\\Illuminate\\Container\\BoundMethod.php(36): Illuminate\\Foundation\\Support\\Providers\\RouteServiceProvider->Illuminate\\Foundation\\Support\\Providers\\{closure}()
#31 C:\\xampp\\htdocs\\my_project\\web-uptptkk\\web-upt-ptkk\\upt-ptkk\\vendor\\laravel\\framework\\src\\Illuminate\\Container\\Util.php(43): Illuminate\\Container\\BoundMethod::Illuminate\\Container\\{closure}()
#32 C:\\xampp\\htdocs\\my_project\\web-uptptkk\\web-upt-ptkk\\upt-ptkk\\vendor\\laravel\\framework\\src\\Illuminate\\Container\\BoundMethod.php(84): Illuminate\\Container\\Util::unwrapIfClosure(Object(Closure))
#33 C:\\xampp\\htdocs\\my_project\\web-uptptkk\\web-upt-ptkk\\upt-ptkk\\vendor\\laravel\\framework\\src\\Illuminate\\Container\\BoundMethod.php(35): Illuminate\\Container\\BoundMethod::callBoundMethod(Object(Illuminate\\Foundation\\Application), Object(Closure), Object(Closure))
#34 C:\\xampp\\htdocs\\my_project\\web-uptptkk\\web-upt-ptkk\\upt-ptkk\\vendor\\laravel\\framework\\src\\Illuminate\\Container\\Container.php(797): Illuminate\\Container\\BoundMethod::call(Object(Illuminate\\Foundation\\Application), Object(Closure), Array, NULL)
#35 C:\\xampp\\htdocs\\my_project\\web-uptptkk\\web-upt-ptkk\\upt-ptkk\\vendor\\laravel\\framework\\src\\Illuminate\\Support\\ServiceProvider.php(143): Illuminate\\Container\\Container->call(Object(Closure))
#36 C:\\xampp\\htdocs\\my_project\\web-uptptkk\\web-upt-ptkk\\upt-ptkk\\vendor\\laravel\\framework\\src\\Illuminate\\Foundation\\Application.php(1153): Illuminate\\Support\\ServiceProvider->callBootedCallbacks()
#37 C:\\xampp\\htdocs\\my_project\\web-uptptkk\\web-upt-ptkk\\upt-ptkk\\vendor\\laravel\\framework\\src\\Illuminate\\Foundation\\Application.php(1131): Illuminate\\Foundation\\Application->bootProvider(Object(Illuminate\\Foundation\\Support\\Providers\\RouteServiceProvider))
#38 [internal function]: Illuminate\\Foundation\\Application->Illuminate\\Foundation\\{closure}(Object(Illuminate\\Foundation\\Support\\Providers\\RouteServiceProvider), 'Illuminate\\\\Foun...')
#39 C:\\xampp\\htdocs\\my_project\\web-uptptkk\\web-upt-ptkk\\upt-ptkk\\vendor\\laravel\\framework\\src\\Illuminate\\Foundation\\Application.php(1130): array_walk(Array, Object(Closure))
#40 C:\\xampp\\htdocs\\my_project\\web-uptptkk\\web-upt-ptkk\\upt-ptkk\\vendor\\laravel\\framework\\src\\Illuminate\\Foundation\\Bootstrap\\BootProviders.php(17): Illuminate\\Foundation\\Application->boot()
#41 C:\\xampp\\htdocs\\my_project\\web-uptptkk\\web-upt-ptkk\\upt-ptkk\\vendor\\laravel\\framework\\src\\Illuminate\\Foundation\\Application.php(341): Illuminate\\Foundation\\Bootstrap\\BootProviders->bootstrap(Object(Illuminate\\Foundation\\Application))
#42 C:\\xampp\\htdocs\\my_project\\web-uptptkk\\web-upt-ptkk\\upt-ptkk\\vendor\\laravel\\framework\\src\\Illuminate\\Foundation\\Console\\Kernel.php(473): Illuminate\\Foundation\\Application->bootstrapWith(Array)
#43 C:\\xampp\\htdocs\\my_project\\web-uptptkk\\web-upt-ptkk\\upt-ptkk\\vendor\\laravel\\framework\\src\\Illuminate\\Foundation\\Console\\Kernel.php(195): Illuminate\\Foundation\\Console\\Kernel->bootstrap()
#44 C:\\xampp\\htdocs\\my_project\\web-uptptkk\\web-upt-ptkk\\upt-ptkk\\vendor\\laravel\\framework\\src\\Illuminate\\Foundation\\Application.php(1234): Illuminate\\Foundation\\Console\\Kernel->handle(Object(Symfony\\Component\\Console\\Input\\ArgvInput), Object(Symfony\\Component\\Console\\Output\\ConsoleOutput))
#45 C:\\xampp\\htdocs\\my_project\\web-uptptkk\\web-upt-ptkk\\upt-ptkk\\artisan(16): Illuminate\\Foundation\\Application->handleCommand(Object(Symfony\\Component\\Console\\Input\\ArgvInput))
#46 {main}
"} 
